Arguments: 
  /Users/lili/.nvm/versions/node/v6.12.3/bin/node /Users/lili/.nvm/versions/node/v6.12.3/bin/yarn install

PATH: 
  /usr/local/opt/maven@3.3/bin:/Users/lili/Downloads/google-cloud-sdk/bin:/usr/local/heroku/bin:/Users/lili/.rbenv/shims:/Users/lili/.nvm/versions/node/v6.12.3/bin:/usr/local/Cellar/postgresql@9.6/9.6.6/bin/:/Users/lili/.dotnet:/usr/local/go/bin:/System//Library/Frameworks/Python.framework/Versions/2.7/bin:/usr/local/bin:/usr/bin:/bin:/usr/local/sbin:/usr/sbin:/sbin

Yarn version: 
  1.10.1

Node version: 
  6.12.3

Platform: 
  darwin x64

Trace: 
  SyntaxError: /Users/lili/www/projects-with-errors/out-of-sync/package.json: Unexpected token } in JSON at position 941
      at Object.parse (native)
      at /Users/lili/.nvm/versions/node/v6.12.3/lib/node_modules/yarn/lib/cli.js:1136:59
      at next (native)
      at step (/Users/lili/.nvm/versions/node/v6.12.3/lib/node_modules/yarn/lib/cli.js:98:30)
      at /Users/lili/.nvm/versions/node/v6.12.3/lib/node_modules/yarn/lib/cli.js:109:13

npm manifest: 
  {
    "name": "goof",
    "version": "0.0.3",
    "description": "A vulnerable todo demo application",
    "homepage": "https://snyk.io/",
    "repository": {
      "type": "git",
      "url": "https://github.com/Snyk/snyk-todo-list-demo-app/"
    },
    "dependencies": {
      "body-parser": "1.9.0",
      "cfenv": "^1.0.4",
      "cookie-parser": "1.3.3",
      "consolidate": "0.14.5",
      "dustjs-linkedin": "2.5.0",
      "dustjs-helpers": "1.5.0",
      "ejs": "1.0.0",
      "ejs-locals": "1.0.2",
      "errorhandler": "1.2.0",
      "express": "4.12.4",
      "express-fileupload": "0.0.5",
      "humanize-ms": "1.0.1",
      "jquery": "^2.2.4",
      "marked": "0.3.5",
      "method-override": "latest",
      "moment": "2.15.1",
      "mongoose": "4.2.4",
      "morgan": "latest",
      "ms": "^0.7.1",
      "npmconf": "0.0.24",
      "optional": "^0.1.3",
      "st": "0.2.4",
      "stream-buffers": "^3.0.1",
      "tap": "^5.7.0",
      "adm-zip": "0.4.7",
      "file-type": "^8.1.0",
    },
    "devDependencies": {
      "browserify": "^13.1.1"
    }
  }

yarn manifest: 
  No manifest

Lockfile: 
  No lockfile
